2022-08-31 23:59:41,436 ERROR - Internal Server Error: /news/11 - C:\Users\Homer\PycharmProjects\SF\venv\lib\site-packages\django\utils\log.py - (<class 'django.template.exceptions.TemplateSyntaxError'>, TemplateSyntaxError("Could not parse the remainder: '=Category.objects.order_by('-name')' from 'queryset=Category.objects.order_by('-name')'"), <traceback object at 0x0000000005EB3BC0>)
Traceback (most recent call last):
  File "C:\Users\Homer\PycharmProjects\SF\venv\lib\site-packages\django\core\handlers\exception.py", line 55, in inner
    response = get_response(request)
  File "C:\Users\Homer\PycharmProjects\SF\venv\lib\site-packages\django\core\handlers\base.py", line 220, in _get_response
    response = response.render()
  File "C:\Users\Homer\PycharmProjects\SF\venv\lib\site-packages\django\template\response.py", line 114, in render
    self.content = self.rendered_content
  File "C:\Users\Homer\PycharmProjects\SF\venv\lib\site-packages\django\template\response.py", line 90, in rendered_content
    template = self.resolve_template(self.template_name)
  File "C:\Users\Homer\PycharmProjects\SF\venv\lib\site-packages\django\template\response.py", line 72, in resolve_template
    return select_template(template, using=self.using)
  File "C:\Users\Homer\PycharmProjects\SF\venv\lib\site-packages\django\template\loader.py", line 42, in select_template
    return engine.get_template(template_name)
  File "C:\Users\Homer\PycharmProjects\SF\venv\lib\site-packages\django\template\backends\django.py", line 34, in get_template
    return Template(self.engine.get_template(template_name), self)
  File "C:\Users\Homer\PycharmProjects\SF\venv\lib\site-packages\django\template\engine.py", line 176, in get_template
    template, origin = self.find_template(template_name)
  File "C:\Users\Homer\PycharmProjects\SF\venv\lib\site-packages\django\template\engine.py", line 158, in find_template
    template = loader.get_template(name, skip=skip)
  File "C:\Users\Homer\PycharmProjects\SF\venv\lib\site-packages\django\template\loaders\base.py", line 28, in get_template
    return Template(
  File "C:\Users\Homer\PycharmProjects\SF\venv\lib\site-packages\django\template\base.py", line 154, in __init__
    self.nodelist = self.compile_nodelist()
  File "C:\Users\Homer\PycharmProjects\SF\venv\lib\site-packages\django\template\base.py", line 200, in compile_nodelist
    return parser.parse()
  File "C:\Users\Homer\PycharmProjects\SF\venv\lib\site-packages\django\template\base.py", line 513, in parse
    raise self.error(token, e)
  File "C:\Users\Homer\PycharmProjects\SF\venv\lib\site-packages\django\template\base.py", line 511, in parse
    compiled_result = compile_func(self, token)
  File "C:\Users\Homer\PycharmProjects\SF\venv\lib\site-packages\django\template\loader_tags.py", line 293, in do_extends
    nodelist = parser.parse()
  File "C:\Users\Homer\PycharmProjects\SF\venv\lib\site-packages\django\template\base.py", line 513, in parse
    raise self.error(token, e)
  File "C:\Users\Homer\PycharmProjects\SF\venv\lib\site-packages\django\template\base.py", line 511, in parse
    compiled_result = compile_func(self, token)
  File "C:\Users\Homer\PycharmProjects\SF\venv\lib\site-packages\django\template\loader_tags.py", line 232, in do_block
    nodelist = parser.parse(("endblock",))
  File "C:\Users\Homer\PycharmProjects\SF\venv\lib\site-packages\django\template\base.py", line 484, in parse
    raise self.error(token, e)
  File "C:\Users\Homer\PycharmProjects\SF\venv\lib\site-packages\django\template\base.py", line 482, in parse
    filter_expression = self.compile_filter(token.contents)
  File "C:\Users\Homer\PycharmProjects\SF\venv\lib\site-packages\django\template\base.py", line 600, in compile_filter
    return FilterExpression(token, self)
  File "C:\Users\Homer\PycharmProjects\SF\venv\lib\site-packages\django\template\base.py", line 701, in __init__
    raise TemplateSyntaxError(
django.template.exceptions.TemplateSyntaxError: Could not parse the remainder: '=Category.objects.order_by('-name')' from 'queryset=Category.objects.order_by('-name')'
2022-08-31 23:59:41,438 ERROR - "GET /news/11 HTTP/1.1" 500 187653 - C:\Users\Homer\PycharmProjects\SF\venv\lib\site-packages\django\core\servers\basehttp.py - None
